<?xml version="1.0" encoding="UTF-8"?>
<testsuite name="practice_form" tests="1" skipped="0" failures="0" errors="0" timestamp="2025-12-04T12:10:27" hostname="MacBook-Air-Pavel.local" time="3.937">
  <properties/>
  <testcase name="lockedUserTest()" classname="practice_form" time="3.937"/>
  <system-out><![CDATA[Имя введено
Фамилия введена
Email введен
Выбран мужской пол
Мобильный номер введен
Календарь открыт
Дата в календаре выбрана
Увлечение Искустро выбрано
Чек бокс спорт выбран 
Картинка загружена
Адресс введен
Штат/город выбраны
Форма отправлена
Проверка формы выполнена
]]></system-out>
  <system-err><![CDATA[[Test worker] INFO com.codeborne.selenide.WebDriverThreadLocalContainer - No webdriver is bound to current thread: 1 - let's create a new webdriver
дек. 04, 2025 4:10:28 PM org.openqa.selenium.devtools.CdpVersionFinder findNearestMatch
WARNING: Unable to find an exact match for CDP version 142, returning the closest version; found: 138; Please update to a Selenium version that supports CDP version 142
[Test worker] INFO com.codeborne.selenide.webdriver.WebDriverFactory - Selenide 7.9.4 / Selenium 4.34.0 / chrome 142.0.7444.176 mac
[Test worker] INFO com.codeborne.selenide.WebDriverThreadLocalContainer - Browser will stay open due to holdBrowserOpen=true: 1 -> ChromeDriver: chrome on mac (88af52224cd70b2f08540dd725dbdbfc)
]]></system-err>
</testsuite>
